  ParticleGame2.cpp
W:\Programming\Programming-C++\Programs\ParticleGame2 static\ParticleGame2.cpp(24,56): warning C4244: "Argument": Konvertierung von "int" in "T", möglicher Datenverlust
          with
          [
              T=float
          ]
W:\Programming\Programming-C++\Programs\ParticleGame2 static\ParticleGame2.cpp(24,41): warning C4244: "Argument": Konvertierung von "int" in "T", möglicher Datenverlust
          with
          [
              T=float
          ]
W:\Programming\Programming-C++\Programs\ParticleGame2 static\ParticleGame2.cpp(27,40): warning C4244: "Argument": Konvertierung von "int" in "float", möglicher Datenverlust
W:\Programming\Programming-C++\Programs\ParticleGame2 static\ParticleGame2.cpp(103,65): warning C4244: "Argument": Konvertierung von "int" in "float", möglicher Datenverlust
W:\Programming\Programming-C++\Programs\ParticleGame2 static\ParticleGame2.cpp(103,42): warning C4244: "Argument": Konvertierung von "int" in "float", möglicher Datenverlust
W:\Programming\Programming-C++\Programs\ParticleGame2 static\ParticleGame2.cpp(110,66): warning C4244: "Argument": Konvertierung von "int" in "T", möglicher Datenverlust
          with
          [
              T=float
          ]
W:\Programming\Programming-C++\Programs\ParticleGame2 static\ParticleGame2.cpp(110,51): warning C4244: "Argument": Konvertierung von "int" in "T", möglicher Datenverlust
          with
          [
              T=float
          ]
W:\Programming\Programming-C++\Programs\ParticleGame2 static\ParticleGame2.cpp(113,61): warning C4244: "Argument": Konvertierung von "int" in "float", möglicher Datenverlust
W:\Programming\Programming-C++\Programs\ParticleGame2 static\ParticleGame2.cpp(113,37): warning C4244: "Argument": Konvertierung von "int" in "float", möglicher Datenverlust
  Code wird generiert.
  2 of 174 functions ( 1.1%) were compiled, the rest were copied from previous compilation.
    0 functions were new in current compilation
    0 functions had inline decision re-evaluated but remain unchanged
  Codegenerierung ist abgeschlossen.
  ParticleGame2.vcxproj -> W:\Programming\Programming-C++\Programs\ParticleGame2 static\Release\ParticleGame2.exe
